2012-01-07 13:09:26 Error: [MissingActionException] Action PostsController::index.php() could not be found.
#0 /Applications/MAMP/htdocs/blogsys/lib/Cake/Routing/Dispatcher.php(104): Controller->invokeAction(Object(CakeRequest))
#1 /Applications/MAMP/htdocs/blogsys/lib/Cake/Routing/Dispatcher.php(86): Dispatcher->_invoke(Object(PostsController), Object(CakeRequest), Object(CakeResponse))
#2 /Applications/MAMP/htdocs/blogsys/app/webroot/index.php(96): Dispatcher->dispatch(Object(CakeRequest), Object(CakeResponse))
#3 {main}
2012-01-08 14:12:30 Error: [MissingActionException] Action PostsController::index.php() could not be found.
#0 /Applications/MAMP/htdocs/blogsys/lib/Cake/Routing/Dispatcher.php(104): Controller->invokeAction(Object(CakeRequest))
#1 /Applications/MAMP/htdocs/blogsys/lib/Cake/Routing/Dispatcher.php(86): Dispatcher->_invoke(Object(PostsController), Object(CakeRequest), Object(CakeResponse))
#2 /Applications/MAMP/htdocs/blogsys/app/webroot/index.php(96): Dispatcher->dispatch(Object(CakeRequest), Object(CakeResponse))
#3 {main}
2012-01-08 14:13:00 Error: [MissingActionException] Action PostsController::index.php() could not be found.
#0 /Applications/MAMP/htdocs/blogsys/lib/Cake/Routing/Dispatcher.php(104): Controller->invokeAction(Object(CakeRequest))
#1 /Applications/MAMP/htdocs/blogsys/lib/Cake/Routing/Dispatcher.php(86): Dispatcher->_invoke(Object(PostsController), Object(CakeRequest), Object(CakeResponse))
#2 /Applications/MAMP/htdocs/blogsys/app/webroot/index.php(96): Dispatcher->dispatch(Object(CakeRequest), Object(CakeResponse))
#3 {main}
2012-01-08 14:16:53 Error: [MissingActionException] Action PostsController::index.php() could not be found.
#0 /Applications/MAMP/htdocs/blogsys/lib/Cake/Routing/Dispatcher.php(104): Controller->invokeAction(Object(CakeRequest))
#1 /Applications/MAMP/htdocs/blogsys/lib/Cake/Routing/Dispatcher.php(86): Dispatcher->_invoke(Object(PostsController), Object(CakeRequest), Object(CakeResponse))
#2 /Applications/MAMP/htdocs/blogsys/app/webroot/index.php(96): Dispatcher->dispatch(Object(CakeRequest), Object(CakeResponse))
#3 {main}
2012-01-08 14:16:53 Error: [MissingActionException] Action PostsController::index.php() could not be found.
#0 /Applications/MAMP/htdocs/blogsys/lib/Cake/Routing/Dispatcher.php(104): Controller->invokeAction(Object(CakeRequest))
#1 /Applications/MAMP/htdocs/blogsys/lib/Cake/Routing/Dispatcher.php(86): Dispatcher->_invoke(Object(PostsController), Object(CakeRequest), Object(CakeResponse))
#2 /Applications/MAMP/htdocs/blogsys/app/webroot/index.php(96): Dispatcher->dispatch(Object(CakeRequest), Object(CakeResponse))
#3 {main}
2012-01-08 14:16:54 Error: [MissingActionException] Action PostsController::index.php() could not be found.
#0 /Applications/MAMP/htdocs/blogsys/lib/Cake/Routing/Dispatcher.php(104): Controller->invokeAction(Object(CakeRequest))
#1 /Applications/MAMP/htdocs/blogsys/lib/Cake/Routing/Dispatcher.php(86): Dispatcher->_invoke(Object(PostsController), Object(CakeRequest), Object(CakeResponse))
#2 /Applications/MAMP/htdocs/blogsys/app/webroot/index.php(96): Dispatcher->dispatch(Object(CakeRequest), Object(CakeResponse))
#3 {main}
2012-01-08 14:16:54 Error: [MissingActionException] Action PostsController::index.php() could not be found.
#0 /Applications/MAMP/htdocs/blogsys/lib/Cake/Routing/Dispatcher.php(104): Controller->invokeAction(Object(CakeRequest))
#1 /Applications/MAMP/htdocs/blogsys/lib/Cake/Routing/Dispatcher.php(86): Dispatcher->_invoke(Object(PostsController), Object(CakeRequest), Object(CakeResponse))
#2 /Applications/MAMP/htdocs/blogsys/app/webroot/index.php(96): Dispatcher->dispatch(Object(CakeRequest), Object(CakeResponse))
#3 {main}
2012-01-08 14:18:09 Error: [MissingActionException] Action PostsController::index.php() could not be found.
#0 /Applications/MAMP/htdocs/blogsys/lib/Cake/Routing/Dispatcher.php(104): Controller->invokeAction(Object(CakeRequest))
#1 /Applications/MAMP/htdocs/blogsys/lib/Cake/Routing/Dispatcher.php(86): Dispatcher->_invoke(Object(PostsController), Object(CakeRequest), Object(CakeResponse))
#2 /Applications/MAMP/htdocs/blogsys/app/webroot/index.php(96): Dispatcher->dispatch(Object(CakeRequest), Object(CakeResponse))
#3 {main}
2012-01-08 14:18:21 Error: [MissingViewException] View file "/Applications/MAMP/htdocs/blogsys/app/View/Posts/view.ctp" is missing.
#0 /Applications/MAMP/htdocs/blogsys/lib/Cake/View/View.php(360): View->_getViewFileName(NULL)
#1 /Applications/MAMP/htdocs/blogsys/lib/Cake/Controller/Controller.php(900): View->render(NULL, NULL)
#2 /Applications/MAMP/htdocs/blogsys/lib/Cake/Routing/Dispatcher.php(111): Controller->render()
#3 /Applications/MAMP/htdocs/blogsys/lib/Cake/Routing/Dispatcher.php(86): Dispatcher->_invoke(Object(PostsController), Object(CakeRequest), Object(CakeResponse))
#4 /Applications/MAMP/htdocs/blogsys/app/webroot/index.php(96): Dispatcher->dispatch(Object(CakeRequest), Object(CakeResponse))
#5 {main}
2012-01-08 15:46:14 Error: [MissingActionException] Action PostsController::index.php() could not be found.
#0 /Applications/MAMP/htdocs/blogsys/lib/Cake/Routing/Dispatcher.php(104): Controller->invokeAction(Object(CakeRequest))
#1 /Applications/MAMP/htdocs/blogsys/lib/Cake/Routing/Dispatcher.php(86): Dispatcher->_invoke(Object(PostsController), Object(CakeRequest), Object(CakeResponse))
#2 /Applications/MAMP/htdocs/blogsys/app/webroot/index.php(96): Dispatcher->dispatch(Object(CakeRequest), Object(CakeResponse))
#3 {main}
2012-01-08 15:46:25 Error: [MissingViewException] View file "/Applications/MAMP/htdocs/blogsys/app/View/Posts/add.ctp" is missing.
#0 /Applications/MAMP/htdocs/blogsys/lib/Cake/View/View.php(360): View->_getViewFileName(NULL)
#1 /Applications/MAMP/htdocs/blogsys/lib/Cake/Controller/Controller.php(900): View->render(NULL, NULL)
#2 /Applications/MAMP/htdocs/blogsys/lib/Cake/Routing/Dispatcher.php(111): Controller->render()
#3 /Applications/MAMP/htdocs/blogsys/lib/Cake/Routing/Dispatcher.php(86): Dispatcher->_invoke(Object(PostsController), Object(CakeRequest), Object(CakeResponse))
#4 /Applications/MAMP/htdocs/blogsys/app/webroot/index.php(96): Dispatcher->dispatch(Object(CakeRequest), Object(CakeResponse))
#5 {main}
2012-02-14 22:14:49 Error: [MissingControllerException] Controller class Index.phpController could not be found.
#0 /Applications/MAMP/htdocs/ParisChihuo/app/webroot/index.php(96): Dispatcher->dispatch(Object(CakeRequest), Object(CakeResponse))
#1 {main}
2012-02-14 22:18:56 Error: [MissingControllerException] Controller class PostController could not be found.
#0 /Applications/MAMP/htdocs/ParisChihuo/app/webroot/index.php(96): Dispatcher->dispatch(Object(CakeRequest), Object(CakeResponse))
#1 {main}
2012-02-19 10:21:37 Error: [MissingControllerException] Controller class Index.phpController could not be found.
#0 /Applications/MAMP/htdocs/ParisChihuo/app/webroot/index.php(96): Dispatcher->dispatch(Object(CakeRequest), Object(CakeResponse))
#1 {main}
